
[[[系统日志]]]
[6/29/2018 9:56:54 AM]
[线程：1]
    系统启动

[[[系统日志]]]
[6/29/2018 10:00:29 AM]
[线程：1]
    系统启动

[[[系统日志]]]
[6/29/2018 10:04:47 AM]
[线程：1]
    系统启动

[[[系统日志]]]
[6/29/2018 10:16:55 AM]
[线程：1]
    系统启动

[[[系统日志]]]
[6/29/2018 10:19:30 AM]
[线程：67]
    系统启动

[[[系统日志]]]
[6/29/2018 10:25:53 AM]
[线程：1]
    系统启动

[[[系统日志]]]
[6/29/2018 10:29:25 AM]
[线程：1]
    系统启动

[[[系统日志]]]
[6/29/2018 10:32:58 AM]
[线程：1]
    系统启动

[[[系统日志]]]
[6/29/2018 10:44:05 AM]
[线程：67]
    系统启动

[[[系统日志]]]
[6/29/2018 10:53:50 AM]
[线程：1]
    系统启动

[[[系统日志]]]
[6/29/2018 12:51:54 PM]
[线程：1]
    系统启动

[[[系统日志]]]
[6/29/2018 12:55:58 PM]
[线程：1]
    系统启动

[[[系统日志]]]
[6/29/2018 2:42:52 PM]
[线程：1]
    系统启动

[[[系统日志]]]
[6/29/2018 2:59:17 PM]
[线程：1]
    系统启动

[[[系统日志]]]
[6/29/2018 3:29:21 PM]
[线程：1]
    系统启动

[[[系统日志]]]
[6/29/2018 4:52:11 PM]
[线程：67]
    系统启动

[[[系统日志]]]
[6/29/2018 4:53:01 PM]
[线程：67]
    系统启动

[[[系统日志]]]
[6/29/2018 5:08:37 PM]
[线程：1]
    系统启动

[[[系统日志]]]
[6/29/2018 5:53:37 PM]
[线程：1]
    系统启动
